[0;1;37;47m#################################################################[0;30;47m#####[1;37m#########[1;37;40m
[0;1;37;47m################################################################[0;30;47m#######[1;37m########[1;37;40m
[0;1;37;47m###################[31m#[37m############################################[0;30;47m##[1;37mO[0;30;47m#[1;37mO[0;30;47m##[1;37m########[1;37;40m
[0;1;37;47m##[0;30;47m######[1;37m##########[31m##[0;30;47m#[1;37m###########################################[0;30;47m#[1;33m#####[0;30;47m#[1;37m########[1;37;40m
[0;1;37;47m####[0;30;47m##[1;37m#############[0;30;47m#[1;37m##########################################[0;30;47m##[1;37m##[33m###[37m##[0;30;47m##[1;37m######[1;37;40m
[0;1;37;47m####[0;30;47m##[1;37m#########[31m###[37m###[0;30;47m###[1;37m#[0;30;47m####[1;37m###[0;30;47m###[1;37m####[0;30;47m###[1;37m##[0;30;47m#####[1;37m#[0;30;47m######[1;37m#####[0;30;47m#[1;37m##########[0;30;47m##[1;37m#####[1;37;40m
[0;1;37;47m####[0;30;47m##[1;37m########[31m#[37m##[31m#[0;30;47m#[1;37m###[0;30;47m###[1;37m####[0;30;47m##[1;37m##[0;30;47m##[1;37m#####[0;30;47m##[1;37m####[0;30;47m##[1;37m###[0;30;47m##[1;37m#######[0;30;47m#[1;37m############[0;30;47m##[1;37m####[1;37;40m
[0;1;37;47m####[0;30;47m##[1;37m#######[31m#[37m###[31m#[0;30;47m#[1;37m###[0;30;47m##[1;37m#####[0;30;47m##[1;37m##[0;30;47m##[1;37m#####[0;30;47m##[1;37m######[0;30;47m###[1;37m#########[0;30;47m#[1;37m############[0;30;47m###[1;37m###[1;37;40m
[0;1;37;47m####[0;30;47m##[1;37m##########[31m##[0;30;47m#[1;37m###[0;30;47m##[1;37m#####[0;30;47m##[1;37m##[0;30;47m##[1;37m#####[0;30;47m##[1;37m######[0;30;47m###[1;37m########[33m##[0;30;47m#[1;37m###########[0;30;47m##[1;33m#[37m###[1;37;40m
[0;1;37;47m####[0;30;47m##[1;37m#######[0;30;47m#[1;37m#[31m##[0;30;47m#[1;37m####[0;30;47m##[1;37m#####[0;30;47m##[1;37m##[0;30;47m##[1;37m#####[0;30;47m##[1;37m#####[0;30;47m##[1;37m#[0;30;47m##[1;37m#####[33m######[0;30;47m#[1;37m#######[30m#[33m######[37m#[1;37;40m
[0;1;37;47m####[0;30;47m##[1;37m######[0;30;47m##[1;37m#[31m##[0;30;47m#[1;37m#[0;30;47m#[1;37m##[0;30;47m##[1;37m#####[0;30;47m##[1;37m##[0;30;47m###[1;37m###[0;30;47m###[1;37m####[0;30;47m##[1;37m###[0;30;47m##[1;37m####[33m#######[0;30;47m#[1;37m#####[0;30;47m#[1;33m#######[37m#[1;37;40m
[0;1;37;47m##[0;30;47m############[1;37m##[0;30;47m###[1;37m##[0;30;47m####[1;37m###[0;30;47m####[1;37m###[0;30;47m####[1;37m#[0;30;47m###[1;37m#[0;30;47m#####[1;37m#[0;30;47m######[1;37m###[33m#####[30m#[0;30;47m#####[1m#[33m#####[37m###[1;37;40m

[6CLinux Version 2.6.30-1-686, Compiled #1 SMP Sat Aug 15 19:11:58 UTC 
[12COne 10.0MHz RiSC Processor 128K RAM, 10.0 Bogomips Total
[36Cchocovic
[0m

***** EXIT(0) SYSCALL   *****
***** SIMULATION HALTED *****
State After Cycle 872751
   Old PC:	00d3
   New PC:	00d4
   Command Executed:	e010 = sys	0
	reg[0] 0000	reg[1] 0001	reg[2] 0000	reg[3] 0201
	reg[4] 0006	reg[5] 0204	reg[6] 00d1	reg[7] 02b2

